2020-12-11 19:05:40 | Conf | use logdir run/Squid/2020-12-11-19-05-3988
2020-12-11 19:05:40 | Conf | use dataset Squid
2020-12-11 19:05:40 | Conf | use batch_size 4
2020-12-11 19:05:40 | Conf | use model_name UNet
2020-12-11 19:05:40 | Conf | use GPU [0]
2020-12-11 19:05:42 | Conf | use optimizer Adam, lr=0.0001, weight_decay=0.001
2020-12-11 19:05:42 | Conf | use step_lr_scheduler every 40 steps decay 0.1
2020-12-11 19:05:42 | Conf | use loss function crossentropyloss2D
2020-12-11 19:05:42 | Conf | use epoch 120
2020-12-11 19:06:15 | Iter | [  1/120] train loss=0.57619
2020-12-11 19:06:15 | Test | [  1/120] Train Mean IU=0.78597
2020-12-11 19:06:19 | Iter | [  1/120] valid loss=0.50516
2020-12-11 19:06:19 | Test | [  1/120] Valid Mean IU=0.78582
2020-12-11 19:06:52 | Iter | [  2/120] train loss=0.50935
2020-12-11 19:06:52 | Test | [  2/120] Train Mean IU=0.85655
2020-12-11 19:06:56 | Iter | [  2/120] valid loss=1.33962
2020-12-11 19:06:56 | Test | [  2/120] Valid Mean IU=0.66024
2020-12-11 19:07:31 | Iter | [  3/120] train loss=0.46583
2020-12-11 19:07:31 | Test | [  3/120] Train Mean IU=0.92511
2020-12-11 19:07:35 | Iter | [  3/120] valid loss=0.74521
2020-12-11 19:07:35 | Test | [  3/120] Valid Mean IU=0.86333
2020-12-11 19:08:09 | Iter | [  4/120] train loss=0.44539
2020-12-11 19:08:09 | Test | [  4/120] Train Mean IU=0.93891
2020-12-11 19:08:13 | Iter | [  4/120] valid loss=0.36478
2020-12-11 19:08:13 | Test | [  4/120] Valid Mean IU=0.95197
2020-12-11 19:08:46 | Iter | [  5/120] train loss=0.42956
2020-12-11 19:08:46 | Test | [  5/120] Train Mean IU=0.94565
2020-12-11 19:08:50 | Iter | [  5/120] valid loss=0.33380
2020-12-11 19:08:50 | Test | [  5/120] Valid Mean IU=0.96410
2020-12-11 19:09:24 | Iter | [  6/120] train loss=0.42265
2020-12-11 19:09:24 | Test | [  6/120] Train Mean IU=0.94756
2020-12-11 19:09:28 | Iter | [  6/120] valid loss=0.37991
2020-12-11 19:09:28 | Test | [  6/120] Valid Mean IU=0.95785
2020-12-11 19:10:03 | Iter | [  7/120] train loss=0.41543
2020-12-11 19:10:03 | Test | [  7/120] Train Mean IU=0.94883
2020-12-11 19:10:07 | Iter | [  7/120] valid loss=0.37349
2020-12-11 19:10:07 | Test | [  7/120] Valid Mean IU=0.93497
2020-12-11 19:10:41 | Iter | [  8/120] train loss=0.40815
2020-12-11 19:10:41 | Test | [  8/120] Train Mean IU=0.94854
2020-12-11 19:10:44 | Iter | [  8/120] valid loss=0.40611
2020-12-11 19:10:44 | Test | [  8/120] Valid Mean IU=0.95192
2020-12-11 19:11:18 | Iter | [  9/120] train loss=0.39971
2020-12-11 19:11:18 | Test | [  9/120] Train Mean IU=0.95116
2020-12-11 19:11:22 | Iter | [  9/120] valid loss=0.34881
2020-12-11 19:11:22 | Test | [  9/120] Valid Mean IU=0.96134
2020-12-11 19:11:56 | Iter | [ 10/120] train loss=0.39669
2020-12-11 19:11:56 | Test | [ 10/120] Train Mean IU=0.95200
2020-12-11 19:12:00 | Iter | [ 10/120] valid loss=0.34726
2020-12-11 19:12:00 | Test | [ 10/120] Valid Mean IU=0.96215
2020-12-11 19:12:34 | Iter | [ 11/120] train loss=0.39133
2020-12-11 19:12:34 | Test | [ 11/120] Train Mean IU=0.95161
2020-12-11 19:12:37 | Iter | [ 11/120] valid loss=0.31543
2020-12-11 19:12:37 | Test | [ 11/120] Valid Mean IU=0.96612
2020-12-11 19:13:11 | Iter | [ 12/120] train loss=0.38194
2020-12-11 19:13:11 | Test | [ 12/120] Train Mean IU=0.95104
2020-12-11 19:13:15 | Iter | [ 12/120] valid loss=0.40867
2020-12-11 19:13:15 | Test | [ 12/120] Valid Mean IU=0.95035
2020-12-11 19:13:48 | Iter | [ 13/120] train loss=0.38022
2020-12-11 19:13:48 | Test | [ 13/120] Train Mean IU=0.95263
2020-12-11 19:13:52 | Iter | [ 13/120] valid loss=0.35982
2020-12-11 19:13:52 | Test | [ 13/120] Valid Mean IU=0.95889
2020-12-11 19:14:26 | Iter | [ 14/120] train loss=0.37391
2020-12-11 19:14:26 | Test | [ 14/120] Train Mean IU=0.95191
2020-12-11 19:14:29 | Iter | [ 14/120] valid loss=0.30521
2020-12-11 19:14:29 | Test | [ 14/120] Valid Mean IU=0.96025
2020-12-11 19:15:03 | Iter | [ 15/120] train loss=0.36730
2020-12-11 19:15:03 | Test | [ 15/120] Train Mean IU=0.95358
2020-12-11 19:15:06 | Iter | [ 15/120] valid loss=0.33416
2020-12-11 19:15:06 | Test | [ 15/120] Valid Mean IU=0.95543
2020-12-11 19:15:43 | Iter | [ 16/120] train loss=0.36685
2020-12-11 19:15:43 | Test | [ 16/120] Train Mean IU=0.95291
2020-12-11 19:15:47 | Iter | [ 16/120] valid loss=0.32188
2020-12-11 19:15:47 | Test | [ 16/120] Valid Mean IU=0.97036
2020-12-11 19:16:22 | Iter | [ 17/120] train loss=0.35780
2020-12-11 19:16:22 | Test | [ 17/120] Train Mean IU=0.95488
2020-12-11 19:16:27 | Iter | [ 17/120] valid loss=0.31026
2020-12-11 19:16:27 | Test | [ 17/120] Valid Mean IU=0.96160
2020-12-11 19:17:08 | Iter | [ 18/120] train loss=0.35143
2020-12-11 19:17:08 | Test | [ 18/120] Train Mean IU=0.95539
2020-12-11 19:17:12 | Iter | [ 18/120] valid loss=0.33124
2020-12-11 19:17:12 | Test | [ 18/120] Valid Mean IU=0.96196
2020-12-11 19:17:46 | Iter | [ 19/120] train loss=0.34661
2020-12-11 19:17:46 | Test | [ 19/120] Train Mean IU=0.95547
2020-12-11 19:17:50 | Iter | [ 19/120] valid loss=0.31608
2020-12-11 19:17:50 | Test | [ 19/120] Valid Mean IU=0.96176
2020-12-11 19:18:23 | Iter | [ 20/120] train loss=0.34654
2020-12-11 19:18:23 | Test | [ 20/120] Train Mean IU=0.95348
2020-12-11 19:18:27 | Iter | [ 20/120] valid loss=0.27786
2020-12-11 19:18:27 | Test | [ 20/120] Valid Mean IU=0.96024
2020-12-11 19:19:01 | Iter | [ 21/120] train loss=0.34076
2020-12-11 19:19:01 | Test | [ 21/120] Train Mean IU=0.95532
2020-12-11 19:19:04 | Iter | [ 21/120] valid loss=0.31010
2020-12-11 19:19:04 | Test | [ 21/120] Valid Mean IU=0.95934
2020-12-11 19:19:38 | Iter | [ 22/120] train loss=0.33861
2020-12-11 19:19:38 | Test | [ 22/120] Train Mean IU=0.95431
2020-12-11 19:19:41 | Iter | [ 22/120] valid loss=0.29571
2020-12-11 19:19:41 | Test | [ 22/120] Valid Mean IU=0.96604
2020-12-11 19:20:15 | Iter | [ 23/120] train loss=0.33101
2020-12-11 19:20:15 | Test | [ 23/120] Train Mean IU=0.95711
2020-12-11 19:20:19 | Iter | [ 23/120] valid loss=0.28955
2020-12-11 19:20:19 | Test | [ 23/120] Valid Mean IU=0.97776
2020-12-11 19:20:52 | Iter | [ 24/120] train loss=0.32895
2020-12-11 19:20:52 | Test | [ 24/120] Train Mean IU=0.95594
2020-12-11 19:20:56 | Iter | [ 24/120] valid loss=0.30325
2020-12-11 19:20:56 | Test | [ 24/120] Valid Mean IU=0.96513
2020-12-11 19:21:31 | Iter | [ 25/120] train loss=0.31563
2020-12-11 19:21:31 | Test | [ 25/120] Train Mean IU=0.95723
2020-12-11 19:21:35 | Iter | [ 25/120] valid loss=0.30817
2020-12-11 19:21:35 | Test | [ 25/120] Valid Mean IU=0.96850
2020-12-11 19:22:08 | Iter | [ 26/120] train loss=0.31030
2020-12-11 19:22:08 | Test | [ 26/120] Train Mean IU=0.95817
2020-12-11 19:22:12 | Iter | [ 26/120] valid loss=0.26107
2020-12-11 19:22:12 | Test | [ 26/120] Valid Mean IU=0.97016
2020-12-11 19:22:46 | Iter | [ 27/120] train loss=0.30980
2020-12-11 19:22:46 | Test | [ 27/120] Train Mean IU=0.95635
2020-12-11 19:22:49 | Iter | [ 27/120] valid loss=0.29429
2020-12-11 19:22:49 | Test | [ 27/120] Valid Mean IU=0.97084
2020-12-11 19:23:23 | Iter | [ 28/120] train loss=0.31618
2020-12-11 19:23:23 | Test | [ 28/120] Train Mean IU=0.95562
2020-12-11 19:23:26 | Iter | [ 28/120] valid loss=0.42880
2020-12-11 19:23:26 | Test | [ 28/120] Valid Mean IU=0.93983
2020-12-11 19:24:00 | Iter | [ 29/120] train loss=0.31728
2020-12-11 19:24:00 | Test | [ 29/120] Train Mean IU=0.95298
2020-12-11 19:24:03 | Iter | [ 29/120] valid loss=0.29210
2020-12-11 19:24:03 | Test | [ 29/120] Valid Mean IU=0.94817
2020-12-11 19:24:37 | Iter | [ 30/120] train loss=0.30461
2020-12-11 19:24:37 | Test | [ 30/120] Train Mean IU=0.95665
2020-12-11 19:24:40 | Iter | [ 30/120] valid loss=0.26471
2020-12-11 19:24:40 | Test | [ 30/120] Valid Mean IU=0.96684
2020-12-11 19:25:14 | Iter | [ 31/120] train loss=0.29966
2020-12-11 19:25:14 | Test | [ 31/120] Train Mean IU=0.95873
2020-12-11 19:25:18 | Iter | [ 31/120] valid loss=0.31197
2020-12-11 19:25:18 | Test | [ 31/120] Valid Mean IU=0.94985
2020-12-11 19:25:53 | Iter | [ 32/120] train loss=0.29367
2020-12-11 19:25:53 | Test | [ 32/120] Train Mean IU=0.95865
2020-12-11 19:25:56 | Iter | [ 32/120] valid loss=0.25209
2020-12-11 19:25:56 | Test | [ 32/120] Valid Mean IU=0.97050
2020-12-11 19:26:31 | Iter | [ 33/120] train loss=0.28955
2020-12-11 19:26:31 | Test | [ 33/120] Train Mean IU=0.95867
2020-12-11 19:26:35 | Iter | [ 33/120] valid loss=0.39205
2020-12-11 19:26:35 | Test | [ 33/120] Valid Mean IU=0.92756
2020-12-11 19:27:09 | Iter | [ 34/120] train loss=0.29440
2020-12-11 19:27:09 | Test | [ 34/120] Train Mean IU=0.95620
2020-12-11 19:27:13 | Iter | [ 34/120] valid loss=0.26158
2020-12-11 19:27:13 | Test | [ 34/120] Valid Mean IU=0.96789
2020-12-11 19:27:48 | Iter | [ 35/120] train loss=0.28514
2020-12-11 19:27:48 | Test | [ 35/120] Train Mean IU=0.95755
2020-12-11 19:27:51 | Iter | [ 35/120] valid loss=0.31718
2020-12-11 19:27:51 | Test | [ 35/120] Valid Mean IU=0.92823
2020-12-11 19:28:25 | Iter | [ 36/120] train loss=0.29658
2020-12-11 19:28:25 | Test | [ 36/120] Train Mean IU=0.95536
2020-12-11 19:28:28 | Iter | [ 36/120] valid loss=0.65767
2020-12-11 19:28:28 | Test | [ 36/120] Valid Mean IU=0.90216
2020-12-11 19:29:02 | Iter | [ 37/120] train loss=0.28461
2020-12-11 19:29:02 | Test | [ 37/120] Train Mean IU=0.95682
2020-12-11 19:29:06 | Iter | [ 37/120] valid loss=0.28371
2020-12-11 19:29:06 | Test | [ 37/120] Valid Mean IU=0.96213
2020-12-11 19:29:44 | Iter | [ 38/120] train loss=0.27688
2020-12-11 19:29:44 | Test | [ 38/120] Train Mean IU=0.95745
2020-12-11 19:29:48 | Iter | [ 38/120] valid loss=0.22434
2020-12-11 19:29:48 | Test | [ 38/120] Valid Mean IU=0.98163
2020-12-11 19:30:22 | Iter | [ 39/120] train loss=0.27614
2020-12-11 19:30:22 | Test | [ 39/120] Train Mean IU=0.95854
2020-12-11 19:30:26 | Iter | [ 39/120] valid loss=0.23301
2020-12-11 19:30:26 | Test | [ 39/120] Valid Mean IU=0.97909
2020-12-11 19:31:00 | Iter | [ 40/120] train loss=0.26413
2020-12-11 19:31:00 | Test | [ 40/120] Train Mean IU=0.95943
2020-12-11 19:31:04 | Iter | [ 40/120] valid loss=0.25760
2020-12-11 19:31:04 | Test | [ 40/120] Valid Mean IU=0.96370
2020-12-11 19:31:38 | Iter | [ 41/120] train loss=0.26219
2020-12-11 19:31:38 | Test | [ 41/120] Train Mean IU=0.96058
2020-12-11 19:31:42 | Iter | [ 41/120] valid loss=0.30203
2020-12-11 19:31:42 | Test | [ 41/120] Valid Mean IU=0.95202
2020-12-11 19:32:16 | Iter | [ 42/120] train loss=0.26190
2020-12-11 19:32:16 | Test | [ 42/120] Train Mean IU=0.95943
2020-12-11 19:32:19 | Iter | [ 42/120] valid loss=0.23766
2020-12-11 19:32:19 | Test | [ 42/120] Valid Mean IU=0.97330
2020-12-11 19:32:53 | Iter | [ 43/120] train loss=0.26516
2020-12-11 19:32:53 | Test | [ 43/120] Train Mean IU=0.95767
2020-12-11 19:32:56 | Iter | [ 43/120] valid loss=0.28452
2020-12-11 19:32:56 | Test | [ 43/120] Valid Mean IU=0.96990
2020-12-11 19:33:30 | Iter | [ 44/120] train loss=0.26767
2020-12-11 19:33:30 | Test | [ 44/120] Train Mean IU=0.95636
2020-12-11 19:33:33 | Iter | [ 44/120] valid loss=0.22652
2020-12-11 19:33:33 | Test | [ 44/120] Valid Mean IU=0.97526
2020-12-11 19:34:07 | Iter | [ 45/120] train loss=0.25175
2020-12-11 19:34:07 | Test | [ 45/120] Train Mean IU=0.95930
2020-12-11 19:34:11 | Iter | [ 45/120] valid loss=0.23521
2020-12-11 19:34:11 | Test | [ 45/120] Valid Mean IU=0.97850
2020-12-11 19:34:45 | Iter | [ 46/120] train loss=0.25046
2020-12-11 19:34:45 | Test | [ 46/120] Train Mean IU=0.95962
2020-12-11 19:34:48 | Iter | [ 46/120] valid loss=0.27222
2020-12-11 19:34:48 | Test | [ 46/120] Valid Mean IU=0.95785
2020-12-11 19:35:22 | Iter | [ 47/120] train loss=0.24906
2020-12-11 19:35:22 | Test | [ 47/120] Train Mean IU=0.95798
2020-12-11 19:35:25 | Iter | [ 47/120] valid loss=0.22234
2020-12-11 19:35:25 | Test | [ 47/120] Valid Mean IU=0.97456
2020-12-11 19:35:59 | Iter | [ 48/120] train loss=0.24279
2020-12-11 19:35:59 | Test | [ 48/120] Train Mean IU=0.95972
2020-12-11 19:36:03 | Iter | [ 48/120] valid loss=0.26198
2020-12-11 19:36:03 | Test | [ 48/120] Valid Mean IU=0.96550
2020-12-11 19:36:36 | Iter | [ 49/120] train loss=0.24367
2020-12-11 19:36:36 | Test | [ 49/120] Train Mean IU=0.95987
2020-12-11 19:36:40 | Iter | [ 49/120] valid loss=0.21808
2020-12-11 19:36:40 | Test | [ 49/120] Valid Mean IU=0.97332
2020-12-11 19:37:14 | Iter | [ 50/120] train loss=0.23668
2020-12-11 19:37:14 | Test | [ 50/120] Train Mean IU=0.95991
2020-12-11 19:37:17 | Iter | [ 50/120] valid loss=0.23945
2020-12-11 19:37:17 | Test | [ 50/120] Valid Mean IU=0.96243
2020-12-11 19:37:51 | Iter | [ 51/120] train loss=0.23976
2020-12-11 19:37:51 | Test | [ 51/120] Train Mean IU=0.96006
2020-12-11 19:37:54 | Iter | [ 51/120] valid loss=0.24689
2020-12-11 19:37:54 | Test | [ 51/120] Valid Mean IU=0.95363
2020-12-11 19:38:28 | Iter | [ 52/120] train loss=0.23365
2020-12-11 19:38:28 | Test | [ 52/120] Train Mean IU=0.96073
2020-12-11 19:38:32 | Iter | [ 52/120] valid loss=0.24436
2020-12-11 19:38:32 | Test | [ 52/120] Valid Mean IU=0.95657
2020-12-11 19:39:05 | Iter | [ 53/120] train loss=0.23793
2020-12-11 19:39:05 | Test | [ 53/120] Train Mean IU=0.95890
2020-12-11 19:39:09 | Iter | [ 53/120] valid loss=0.32172
2020-12-11 19:39:09 | Test | [ 53/120] Valid Mean IU=0.94905
2020-12-11 19:39:43 | Iter | [ 54/120] train loss=0.23093
2020-12-11 19:39:43 | Test | [ 54/120] Train Mean IU=0.95917
2020-12-11 19:39:46 | Iter | [ 54/120] valid loss=0.22117
2020-12-11 19:39:46 | Test | [ 54/120] Valid Mean IU=0.96896
2020-12-11 19:40:19 | Iter | [ 55/120] train loss=0.23047
2020-12-11 19:40:19 | Test | [ 55/120] Train Mean IU=0.96082
2020-12-11 19:40:23 | Iter | [ 55/120] valid loss=0.21031
2020-12-11 19:40:23 | Test | [ 55/120] Valid Mean IU=0.96944
2020-12-11 19:40:57 | Iter | [ 56/120] train loss=0.22728
2020-12-11 19:40:57 | Test | [ 56/120] Train Mean IU=0.96049
2020-12-11 19:41:01 | Iter | [ 56/120] valid loss=0.32387
2020-12-11 19:41:01 | Test | [ 56/120] Valid Mean IU=0.92811
2020-12-11 19:41:34 | Iter | [ 57/120] train loss=0.22537
2020-12-11 19:41:34 | Test | [ 57/120] Train Mean IU=0.96066
2020-12-11 19:41:38 | Iter | [ 57/120] valid loss=0.22286
2020-12-11 19:41:38 | Test | [ 57/120] Valid Mean IU=0.95533
2020-12-11 19:42:11 | Iter | [ 58/120] train loss=0.22020
2020-12-11 19:42:11 | Test | [ 58/120] Train Mean IU=0.95980
2020-12-11 19:42:15 | Iter | [ 58/120] valid loss=0.21538
2020-12-11 19:42:15 | Test | [ 58/120] Valid Mean IU=0.96733
2020-12-11 19:42:49 | Iter | [ 59/120] train loss=0.21748
2020-12-11 19:42:49 | Test | [ 59/120] Train Mean IU=0.96103
2020-12-11 19:42:52 | Iter | [ 59/120] valid loss=0.21502
2020-12-11 19:42:52 | Test | [ 59/120] Valid Mean IU=0.96647
2020-12-11 19:43:26 | Iter | [ 60/120] train loss=0.21076
2020-12-11 19:43:26 | Test | [ 60/120] Train Mean IU=0.96193
2020-12-11 19:43:30 | Iter | [ 60/120] valid loss=0.21348
2020-12-11 19:43:30 | Test | [ 60/120] Valid Mean IU=0.97125
2020-12-11 19:44:04 | Iter | [ 61/120] train loss=0.21207
2020-12-11 19:44:04 | Test | [ 61/120] Train Mean IU=0.96152
2020-12-11 19:44:07 | Iter | [ 61/120] valid loss=0.18915
2020-12-11 19:44:07 | Test | [ 61/120] Valid Mean IU=0.97019
2020-12-11 19:44:41 | Iter | [ 62/120] train loss=0.20625
2020-12-11 19:44:41 | Test | [ 62/120] Train Mean IU=0.96155
2020-12-11 19:44:44 | Iter | [ 62/120] valid loss=0.21828
2020-12-11 19:44:44 | Test | [ 62/120] Valid Mean IU=0.95375
2020-12-11 19:45:18 | Iter | [ 63/120] train loss=0.20977
2020-12-11 19:45:18 | Test | [ 63/120] Train Mean IU=0.96166
2020-12-11 19:45:21 | Iter | [ 63/120] valid loss=0.19257
2020-12-11 19:45:21 | Test | [ 63/120] Valid Mean IU=0.97386
2020-12-11 19:45:55 | Iter | [ 64/120] train loss=0.20681
2020-12-11 19:45:55 | Test | [ 64/120] Train Mean IU=0.96107
2020-12-11 19:45:58 | Iter | [ 64/120] valid loss=0.23719
2020-12-11 19:45:58 | Test | [ 64/120] Valid Mean IU=0.95864
2020-12-11 19:46:32 | Iter | [ 65/120] train loss=0.21459
2020-12-11 19:46:32 | Test | [ 65/120] Train Mean IU=0.96001
2020-12-11 19:46:35 | Iter | [ 65/120] valid loss=0.22007
2020-12-11 19:46:35 | Test | [ 65/120] Valid Mean IU=0.94510
2020-12-11 19:47:08 | Iter | [ 66/120] train loss=0.20095
2020-12-11 19:47:08 | Test | [ 66/120] Train Mean IU=0.96080
2020-12-11 19:47:12 | Iter | [ 66/120] valid loss=0.18648
2020-12-11 19:47:12 | Test | [ 66/120] Valid Mean IU=0.97515
2020-12-11 19:47:45 | Iter | [ 67/120] train loss=0.19778
2020-12-11 19:47:45 | Test | [ 67/120] Train Mean IU=0.96135
2020-12-11 19:47:49 | Iter | [ 67/120] valid loss=0.20655
2020-12-11 19:47:49 | Test | [ 67/120] Valid Mean IU=0.96938
2020-12-11 19:48:22 | Iter | [ 68/120] train loss=0.19211
2020-12-11 19:48:22 | Test | [ 68/120] Train Mean IU=0.96265
2020-12-11 19:48:26 | Iter | [ 68/120] valid loss=0.20555
2020-12-11 19:48:26 | Test | [ 68/120] Valid Mean IU=0.97002
2020-12-11 19:49:00 | Iter | [ 69/120] train loss=0.19509
2020-12-11 19:49:00 | Test | [ 69/120] Train Mean IU=0.96176
2020-12-11 19:49:04 | Iter | [ 69/120] valid loss=0.19453
2020-12-11 19:49:04 | Test | [ 69/120] Valid Mean IU=0.96915
2020-12-11 19:49:37 | Iter | [ 70/120] train loss=0.19768
2020-12-11 19:49:37 | Test | [ 70/120] Train Mean IU=0.96229
2020-12-11 19:49:41 | Iter | [ 70/120] valid loss=0.24056
2020-12-11 19:49:41 | Test | [ 70/120] Valid Mean IU=0.94528
2020-12-11 19:50:14 | Iter | [ 71/120] train loss=0.20006
2020-12-11 19:50:14 | Test | [ 71/120] Train Mean IU=0.95976
2020-12-11 19:50:18 | Iter | [ 71/120] valid loss=0.26726
2020-12-11 19:50:18 | Test | [ 71/120] Valid Mean IU=0.96050
2020-12-11 19:50:51 | Iter | [ 72/120] train loss=0.19024
2020-12-11 19:50:51 | Test | [ 72/120] Train Mean IU=0.96062
2020-12-11 19:50:55 | Iter | [ 72/120] valid loss=0.17913
2020-12-11 19:50:55 | Test | [ 72/120] Valid Mean IU=0.97486
2020-12-11 19:51:28 | Iter | [ 73/120] train loss=0.18609
2020-12-11 19:51:28 | Test | [ 73/120] Train Mean IU=0.96136
2020-12-11 19:51:32 | Iter | [ 73/120] valid loss=0.17469
2020-12-11 19:51:32 | Test | [ 73/120] Valid Mean IU=0.97192
2020-12-11 19:52:05 | Iter | [ 74/120] train loss=0.18016
2020-12-11 19:52:05 | Test | [ 74/120] Train Mean IU=0.96279
2020-12-11 19:52:09 | Iter | [ 74/120] valid loss=0.17472
2020-12-11 19:52:09 | Test | [ 74/120] Valid Mean IU=0.97172
2020-12-11 19:52:42 | Iter | [ 75/120] train loss=0.17437
2020-12-11 19:52:42 | Test | [ 75/120] Train Mean IU=0.96454
2020-12-11 19:52:46 | Iter | [ 75/120] valid loss=0.17341
2020-12-11 19:52:46 | Test | [ 75/120] Valid Mean IU=0.97209
2020-12-11 19:53:20 | Iter | [ 76/120] train loss=0.17006
2020-12-11 19:53:20 | Test | [ 76/120] Train Mean IU=0.96442
2020-12-11 19:53:23 | Iter | [ 76/120] valid loss=0.18351
2020-12-11 19:53:23 | Test | [ 76/120] Valid Mean IU=0.96497
2020-12-11 19:53:57 | Iter | [ 77/120] train loss=0.17343
2020-12-11 19:53:57 | Test | [ 77/120] Train Mean IU=0.96219
2020-12-11 19:54:00 | Iter | [ 77/120] valid loss=0.19714
2020-12-11 19:54:00 | Test | [ 77/120] Valid Mean IU=0.96453
2020-12-11 19:54:34 | Iter | [ 78/120] train loss=0.17135
2020-12-11 19:54:34 | Test | [ 78/120] Train Mean IU=0.96282
2020-12-11 19:54:37 | Iter | [ 78/120] valid loss=0.19618
2020-12-11 19:54:37 | Test | [ 78/120] Valid Mean IU=0.96570
2020-12-11 19:55:10 | Iter | [ 79/120] train loss=0.17954
2020-12-11 19:55:10 | Test | [ 79/120] Train Mean IU=0.96176
2020-12-11 19:55:14 | Iter | [ 79/120] valid loss=0.18484
2020-12-11 19:55:14 | Test | [ 79/120] Valid Mean IU=0.96525
2020-12-11 19:55:47 | Iter | [ 80/120] train loss=0.16306
2020-12-11 19:55:47 | Test | [ 80/120] Train Mean IU=0.96462
2020-12-11 19:55:51 | Iter | [ 80/120] valid loss=0.16990
2020-12-11 19:55:51 | Test | [ 80/120] Valid Mean IU=0.96659
2020-12-11 19:56:25 | Iter | [ 81/120] train loss=0.16243
2020-12-11 19:56:25 | Test | [ 81/120] Train Mean IU=0.96352
2020-12-11 19:56:28 | Iter | [ 81/120] valid loss=0.15299
2020-12-11 19:56:28 | Test | [ 81/120] Valid Mean IU=0.97376
2020-12-11 19:57:02 | Iter | [ 82/120] train loss=0.15918
2020-12-11 19:57:02 | Test | [ 82/120] Train Mean IU=0.96393
2020-12-11 19:57:05 | Iter | [ 82/120] valid loss=0.17159
2020-12-11 19:57:05 | Test | [ 82/120] Valid Mean IU=0.96567
2020-12-11 19:57:39 | Iter | [ 83/120] train loss=0.15898
2020-12-11 19:57:39 | Test | [ 83/120] Train Mean IU=0.96557
2020-12-11 19:57:43 | Iter | [ 83/120] valid loss=0.17265
2020-12-11 19:57:43 | Test | [ 83/120] Valid Mean IU=0.96458
2020-12-11 19:58:16 | Iter | [ 84/120] train loss=0.15361
2020-12-11 19:58:16 | Test | [ 84/120] Train Mean IU=0.96692
2020-12-11 19:58:20 | Iter | [ 84/120] valid loss=0.15310
2020-12-11 19:58:20 | Test | [ 84/120] Valid Mean IU=0.97085
2020-12-11 19:58:53 | Iter | [ 85/120] train loss=0.15617
2020-12-11 19:58:53 | Test | [ 85/120] Train Mean IU=0.96556
2020-12-11 19:58:57 | Iter | [ 85/120] valid loss=0.17063
2020-12-11 19:58:57 | Test | [ 85/120] Valid Mean IU=0.97278
2020-12-11 19:59:30 | Iter | [ 86/120] train loss=0.15850
2020-12-11 19:59:30 | Test | [ 86/120] Train Mean IU=0.96427
2020-12-11 19:59:34 | Iter | [ 86/120] valid loss=0.18578
2020-12-11 19:59:34 | Test | [ 86/120] Valid Mean IU=0.96853
2020-12-11 20:00:07 | Iter | [ 87/120] train loss=0.15465
2020-12-11 20:00:07 | Test | [ 87/120] Train Mean IU=0.96663
2020-12-11 20:00:11 | Iter | [ 87/120] valid loss=0.17005
2020-12-11 20:00:11 | Test | [ 87/120] Valid Mean IU=0.97241
2020-12-11 20:00:44 | Iter | [ 88/120] train loss=0.15051
2020-12-11 20:00:44 | Test | [ 88/120] Train Mean IU=0.96696
2020-12-11 20:00:48 | Iter | [ 88/120] valid loss=0.15652
2020-12-11 20:00:48 | Test | [ 88/120] Valid Mean IU=0.97229
2020-12-11 20:01:22 | Iter | [ 89/120] train loss=0.14496
2020-12-11 20:01:22 | Test | [ 89/120] Train Mean IU=0.96873
2020-12-11 20:01:26 | Iter | [ 89/120] valid loss=0.19291
2020-12-11 20:01:26 | Test | [ 89/120] Valid Mean IU=0.95088
2020-12-11 20:01:59 | Iter | [ 90/120] train loss=0.15534
2020-12-11 20:01:59 | Test | [ 90/120] Train Mean IU=0.96653
2020-12-11 20:02:02 | Iter | [ 90/120] valid loss=0.14085
2020-12-11 20:02:02 | Test | [ 90/120] Valid Mean IU=0.97136
2020-12-11 20:02:36 | Iter | [ 91/120] train loss=0.14666
2020-12-11 20:02:36 | Test | [ 91/120] Train Mean IU=0.96775
2020-12-11 20:02:39 | Iter | [ 91/120] valid loss=0.14942
2020-12-11 20:02:39 | Test | [ 91/120] Valid Mean IU=0.97365
2020-12-11 20:03:13 | Iter | [ 92/120] train loss=0.14192
2020-12-11 20:03:13 | Test | [ 92/120] Train Mean IU=0.96907
2020-12-11 20:03:17 | Iter | [ 92/120] valid loss=0.15102
2020-12-11 20:03:17 | Test | [ 92/120] Valid Mean IU=0.97145
2020-12-11 20:03:50 | Iter | [ 93/120] train loss=0.14049
2020-12-11 20:03:50 | Test | [ 93/120] Train Mean IU=0.96880
2020-12-11 20:03:54 | Iter | [ 93/120] valid loss=0.15737
2020-12-11 20:03:54 | Test | [ 93/120] Valid Mean IU=0.96249
2020-12-11 20:04:27 | Iter | [ 94/120] train loss=0.13917
2020-12-11 20:04:27 | Test | [ 94/120] Train Mean IU=0.96959
2020-12-11 20:04:31 | Iter | [ 94/120] valid loss=0.16870
2020-12-11 20:04:31 | Test | [ 94/120] Valid Mean IU=0.95371
2020-12-11 20:05:04 | Iter | [ 95/120] train loss=0.13458
2020-12-11 20:05:04 | Test | [ 95/120] Train Mean IU=0.96959
2020-12-11 20:05:08 | Iter | [ 95/120] valid loss=0.15773
2020-12-11 20:05:08 | Test | [ 95/120] Valid Mean IU=0.95845
2020-12-11 20:05:42 | Iter | [ 96/120] train loss=0.14496
2020-12-11 20:05:42 | Test | [ 96/120] Train Mean IU=0.96628
2020-12-11 20:05:45 | Iter | [ 96/120] valid loss=0.14351
2020-12-11 20:05:45 | Test | [ 96/120] Valid Mean IU=0.97329
2020-12-11 20:06:19 | Iter | [ 97/120] train loss=0.13413
2020-12-11 20:06:19 | Test | [ 97/120] Train Mean IU=0.96935
2020-12-11 20:06:22 | Iter | [ 97/120] valid loss=0.16531
2020-12-11 20:06:22 | Test | [ 97/120] Valid Mean IU=0.96289
2020-12-11 20:06:56 | Iter | [ 98/120] train loss=0.13072
2020-12-11 20:06:56 | Test | [ 98/120] Train Mean IU=0.97101
2020-12-11 20:07:00 | Iter | [ 98/120] valid loss=0.15393
2020-12-11 20:07:00 | Test | [ 98/120] Valid Mean IU=0.96069
2020-12-11 20:07:34 | Iter | [ 99/120] train loss=0.13116
2020-12-11 20:07:34 | Test | [ 99/120] Train Mean IU=0.97071
2020-12-11 20:07:37 | Iter | [ 99/120] valid loss=0.14316
2020-12-11 20:07:37 | Test | [ 99/120] Valid Mean IU=0.96742
2020-12-11 20:08:10 | Iter | [100/120] train loss=0.12962
2020-12-11 20:08:11 | Test | [100/120] Train Mean IU=0.97087
2020-12-11 20:08:14 | Iter | [100/120] valid loss=0.16207
2020-12-11 20:08:14 | Test | [100/120] Valid Mean IU=0.95852
2020-12-11 20:08:47 | Iter | [101/120] train loss=0.12516
2020-12-11 20:08:47 | Test | [101/120] Train Mean IU=0.97167
2020-12-11 20:08:51 | Iter | [101/120] valid loss=0.15262
2020-12-11 20:08:51 | Test | [101/120] Valid Mean IU=0.96117
2020-12-11 20:09:25 | Iter | [102/120] train loss=0.12629
2020-12-11 20:09:25 | Test | [102/120] Train Mean IU=0.97243
2020-12-11 20:09:29 | Iter | [102/120] valid loss=0.12956
2020-12-11 20:09:29 | Test | [102/120] Valid Mean IU=0.97271
2020-12-11 20:10:02 | Iter | [103/120] train loss=0.12488
2020-12-11 20:10:02 | Test | [103/120] Train Mean IU=0.97145
2020-12-11 20:10:05 | Iter | [103/120] valid loss=0.15335
2020-12-11 20:10:05 | Test | [103/120] Valid Mean IU=0.96220
2020-12-11 20:10:39 | Iter | [104/120] train loss=0.11724
2020-12-11 20:10:39 | Test | [104/120] Train Mean IU=0.97588
2020-12-11 20:10:43 | Iter | [104/120] valid loss=0.12419
2020-12-11 20:10:43 | Test | [104/120] Valid Mean IU=0.97352
2020-12-11 20:11:16 | Iter | [105/120] train loss=0.12125
2020-12-11 20:11:16 | Test | [105/120] Train Mean IU=0.97414
2020-12-11 20:11:19 | Iter | [105/120] valid loss=0.14076
2020-12-11 20:11:19 | Test | [105/120] Valid Mean IU=0.96029
2020-12-11 20:11:53 | Iter | [106/120] train loss=0.11849
2020-12-11 20:11:53 | Test | [106/120] Train Mean IU=0.97467
2020-12-11 20:11:56 | Iter | [106/120] valid loss=0.12708
2020-12-11 20:11:56 | Test | [106/120] Valid Mean IU=0.97080
2020-12-11 20:12:30 | Iter | [107/120] train loss=0.11677
2020-12-11 20:12:30 | Test | [107/120] Train Mean IU=0.97510
2020-12-11 20:12:33 | Iter | [107/120] valid loss=0.13235
2020-12-11 20:12:33 | Test | [107/120] Valid Mean IU=0.97255
2020-12-11 20:13:06 | Iter | [108/120] train loss=0.11597
2020-12-11 20:13:06 | Test | [108/120] Train Mean IU=0.97474
2020-12-11 20:13:10 | Iter | [108/120] valid loss=0.17098
2020-12-11 20:13:10 | Test | [108/120] Valid Mean IU=0.96745
2020-12-11 20:13:43 | Iter | [109/120] train loss=0.11441
2020-12-11 20:13:43 | Test | [109/120] Train Mean IU=0.97647
2020-12-11 20:13:47 | Iter | [109/120] valid loss=0.14190
2020-12-11 20:13:47 | Test | [109/120] Valid Mean IU=0.96203
2020-12-11 20:14:21 | Iter | [110/120] train loss=0.10872
2020-12-11 20:14:21 | Test | [110/120] Train Mean IU=0.97711
2020-12-11 20:14:25 | Iter | [110/120] valid loss=0.13152
2020-12-11 20:14:25 | Test | [110/120] Valid Mean IU=0.97083
2020-12-11 20:14:58 | Iter | [111/120] train loss=0.10673
2020-12-11 20:14:58 | Test | [111/120] Train Mean IU=0.97741
2020-12-11 20:15:02 | Iter | [111/120] valid loss=0.13773
2020-12-11 20:15:02 | Test | [111/120] Valid Mean IU=0.96063
2020-12-11 20:15:36 | Iter | [112/120] train loss=0.10041
2020-12-11 20:15:36 | Test | [112/120] Train Mean IU=0.98103
2020-12-11 20:15:40 | Iter | [112/120] valid loss=0.11821
2020-12-11 20:15:40 | Test | [112/120] Valid Mean IU=0.97166
2020-12-11 20:16:13 | Iter | [113/120] train loss=0.10476
2020-12-11 20:16:13 | Test | [113/120] Train Mean IU=0.97857
2020-12-11 20:16:17 | Iter | [113/120] valid loss=0.13092
2020-12-11 20:16:17 | Test | [113/120] Valid Mean IU=0.96350
2020-12-11 20:16:50 | Iter | [114/120] train loss=0.10675
2020-12-11 20:16:50 | Test | [114/120] Train Mean IU=0.97748
2020-12-11 20:16:53 | Iter | [114/120] valid loss=0.11999
2020-12-11 20:16:53 | Test | [114/120] Valid Mean IU=0.96798
2020-12-11 20:17:27 | Iter | [115/120] train loss=0.10904
2020-12-11 20:17:27 | Test | [115/120] Train Mean IU=0.97525
2020-12-11 20:17:31 | Iter | [115/120] valid loss=0.11761
2020-12-11 20:17:31 | Test | [115/120] Valid Mean IU=0.97007
2020-12-11 20:18:04 | Iter | [116/120] train loss=0.10127
2020-12-11 20:18:04 | Test | [116/120] Train Mean IU=0.97705
2020-12-11 20:18:08 | Iter | [116/120] valid loss=0.13712
2020-12-11 20:18:08 | Test | [116/120] Valid Mean IU=0.95765
2020-12-11 20:18:41 | Iter | [117/120] train loss=0.10066
2020-12-11 20:18:41 | Test | [117/120] Train Mean IU=0.97911
2020-12-11 20:18:44 | Iter | [117/120] valid loss=0.12057
2020-12-11 20:18:44 | Test | [117/120] Valid Mean IU=0.97510
2020-12-11 20:19:18 | Iter | [118/120] train loss=0.10096
2020-12-11 20:19:18 | Test | [118/120] Train Mean IU=0.97810
2020-12-11 20:19:21 | Iter | [118/120] valid loss=0.10341
2020-12-11 20:19:21 | Test | [118/120] Valid Mean IU=0.97543
2020-12-11 20:19:55 | Iter | [119/120] train loss=0.09833
2020-12-11 20:19:55 | Test | [119/120] Train Mean IU=0.97925
2020-12-11 20:19:58 | Iter | [119/120] valid loss=0.12714
2020-12-11 20:19:58 | Test | [119/120] Valid Mean IU=0.97090
2020-12-11 20:20:31 | Iter | [120/120] train loss=0.09700
2020-12-11 20:20:31 | Test | [120/120] Train Mean IU=0.97894
2020-12-11 20:20:35 | Iter | [120/120] valid loss=0.11124
2020-12-11 20:20:35 | Test | [120/120] Valid Mean IU=0.97128
